app/proguard-rules.pro
# Add project specific ProGuard rules here.
# You can control the set of applied configuration files using the
# proguardFiles setting in build.gradle.
#
# For more details, see
#   http://developer.android.com/guide/developing/tools/proguard.html

# If your project uses WebView with JS, uncomment the following
# and specify the fully qualified class name to the JavaScript interface
# class:
#-keepclassmembers class fqcn.of.javascript.interface.for.webview {
#   public *;
#}

# Uncomment this to preserve the line number information for
# debugging stack traces.
#-keepattributes SourceFile,LineNumberTable

# If you keep the line number information, uncomment this to
# hide the original source file name.
#-renamesourcefileattribute SourceFile
-keepclassmembers class fqcn.of.javascript.interface.for.webview {
   public *;
}

#指定代码的压缩级别
-optimizationpasses 5

#包明不混合大小写
-dontusemixedcaseclassnames

#不去忽略非公共的库类
-dontskipnonpubliclibraryclasses
-dontskipnonpubliclibraryclassmembers
-dontwarn dalvik.**
-dontwarn com.tencent.smtt.**

 #优化  不优化输入的类文件
-dontoptimize

 #预校验
-dontpreverify

 #混淆时是否记录日志
-verbose

 # 混淆时所采用的算法
-optimizations !code/simplification/arithmetic,!field/*,!class/merging/*

#保护注解
-keepattributes *Annotation*

# 保持哪些类不被混淆
-keep public class * extends android.app.Activity
-keep public class * extends android.app.Appliction
-keep public class * extends android.app.Service
-keep public class * extends android.content.BroadcastReceiver
-keep public class * extends android.content.ContentProvider
-keep public class * extends android.app.backup.BackupAgentHelper
-keep public class * extends android.preference.Preference
-keep public class * extends android.view.View
-keep public class com.android.vending.licensing.ILicensingService
#如果有引用v4包可以添加下面这行
-keep public class * extends android.support.v4.app.Fragment
# Support
-keep class android.support.** { *; }
-keep interface android.support.** { *; }


#忽略警告
-ignorewarning

##记录生成的日志数据,gradle build时在本项目根目录输出##
#apk 包内所有 class 的内部结构
-dump proguard/class_files.txt
#未混淆的类和成员
-printseeds proguard/seeds.txt
#列出从 apk 中删除的代码
-printusage proguard/unused.txt
#混淆前后的映射
-printmapping proguard/mapping.txt
########记录生成的日志数据，gradle build时 在本项目根目录输出-end######

#如果引用了v4或者v7包
-dontwarn android.support.**
-keep class android.support.v7.** { *; }    #过滤android.support.v7  注意这里v4还是v7要看gradle里面compile了那个扩展包
-keep class android.support.v4.** { *; }
-keep interface android.support.constraint.** { *; }

####混淆保护自己项目的部分代码以及引用的第三方jar包library-end####

#------------------  下方是共性的排除项目         ----------------
# 方法名中含有“JNI”字符的，认定是Java Native Interface方法，自动排除
# 方法名中含有“JRI”字符的，认定是Java Reflection Interface方法，自动排除

-keepclasseswithmembers class * {
    ... *JNI*(...);
}

-keepclasseswithmembernames class * {
	... *JRI*(...);
}

-keep class **JNI* {*;}

#保持 native 方法不被混淆
-keepclasseswithmembernames class * {
    native <methods>;
}

#保持自定义控件类不被混淆
-keepclasseswithmembers class * {
    public <init>(android.content.Context, android.util.AttributeSet);
}

-keepclasseswithmembers class * {
	public <init>(android.content.Context, android.util.AttributeSet, int);
}

#保持自定义控件类不被混淆
-keepclassmembers class * extends android.app.Activity {
   public void *(android.view.View);
}

-keep public class * extends android.view.View {
    public <init>(android.content.Context);
    public <init>(android.content.Context, android.util.AttributeSet);
    public <init>(android.content.Context, android.util.AttributeSet, int);
    public void set*(...);
}

#保持 Parcelable 不被混淆
-keep class * implements android.os.Parcelable {
  public static final android.os.Parcelable$Creator *;
}

#保持 Serializable 不被混淆
-keepnames class * implements java.io.Serializable

#保持 Serializable 不被混淆并且enum 类也不被混淆
-keepclassmembers class * implements java.io.Serializable {
    static final long serialVersionUID;
    private static final java.io.ObjectStreamField[] serialPersistentFields;
    !static !transient <fields>;
    !private <fields>;
    !private <methods>;
    private void writeObject(java.io.ObjectOutputStream);
    private void readObject(java.io.ObjectInputStream);
    java.lang.Object writeReplace();
    java.lang.Object readResolve();
}

#保持枚举 enum 类不被混淆
-keepclassmembers enum * {
  public static **[] values();
  public static ** valueOf(java.lang.String);
}

-keepclassmembers class * {
    public void *ButtonClicked(android.view.View);
}

#不混淆资源类
-keepclassmembers class **.R$* {
    public static <fields>;
}

#log
#-assumenosideeffects class com.Blinger.base.utils{
#    public static void v(...);
#    public static void i(...);
#    public static void d(...);
#    public static void e(...);
#}

#其他
#JAVABean
-keep class com.Blinger.YiDeNews.model.** { *; }
-keep class com.Blinger.YiDeNews.utils.** { *; }
-keep class com.Blinger.base.utils.** { *; }
-keep class com.Blinger.YiDeNews.ui.** { *; }
-keep class com.Blinger.base.base.** { *; }
-keep class com.Blinger.YiDeNews.entity.** { *; }
-keep class com.Blinger.YiDeNews.service.** { *; }




# RxLifeCycle2
-keep class com.trello.rxlifecycle2.** { *; }
-keep interface com.trello.rxlifecycle2.** { *; }
-dontwarn com.trello.rxlifecycle2.**

#greenrobot
-keep class org.greenrobot.greendao.**{*;}
-keepclassmembers class * extends org.greenrobot.greendao.AbstractDao {
public static java.lang.String TABLENAME;
}
-keep class **$Properties
-dontwarn org.greenrobot.greendao.database.**

#EventBus
-keepclassmembers class ** {
    @org.greenrobot.eventbus.Subscribe <methods>;
}
-keep enum org.greenrobot.eventbus.ThreadMode { *; }

# Only required if you use AsyncExecutor
-keepclassmembers class * extends org.greenrobot.eventbus.util.ThrowableFailureEvent {
    <init>(java.lang.Throwable);
}
#sqlcipher
-keep  class net.sqlcipher.** {*;}
-keep  class net.sqlcipher.database.** {*;}

# RxJava RxAndroid
-dontwarn sun.misc.**
-keepclassmembers class rx.internal.util.unsafe.*ArrayQueue*Field* {
    long producerIndex;
    long consumerIndex;
}
-keepclassmembers class rx.internal.util.unsafe.BaseLinkedQueueProducerNodeRef {
    rx.internal.util.atomic.LinkedQueueNode producerNode;
}
-keepclassmembers class rx.internal.util.unsafe.BaseLinkedQueueConsumerNodeRef {
    rx.internal.util.atomic.LinkedQueueNode consumerNode;
}
# OkHttp3
-dontwarn okhttp3.**
-dontwarn okio.**
-dontwarn javax.annotation.**
-dontwarn org.conscrypt.**
-keepnames class okhttp3.internal.publicsuffix.PublicSuffixDatabase

# Retrofit2
-dontwarn retrofit2.**
-keep class retrofit2.** { *; }
-keepattributes Exceptions

# support design
#@link http://stackoverflow.com/a/31028536
-dontwarn android.support.design.**
-keep class android.support.design.** { *; }
-keep interface android.support.design.** { *; }
-keep public class android.support.design.R$* { *; }

# picasso
-keep class com.squareup.picasso.** {*; }
-dontwarn com.squareup.picasso.**

# Butterknife
-keep public class * implements butterknife.Unbinder { public <init>(**, android.view.View); }
-keep class butterknife.*
-keepclasseswithmembernames class * { @butterknife.* <methods>; }
-keepclasseswithmembernames class * { @butterknife.* <fields>; }

-keepclasseswithmembernames class *{
	native <methods>;
}
# Gson
-keep class sun.misc.Unsafe { *; }
-keep class com.google.gson.stream.** { *; }
-keep class com.sunloto.shandong.bean.** { *; }

# Glide
#-keep public class * implements com.bumptech.glide.module.GlideModule
#-keep public class * extends com.bumptech.glide.module.AppGlideModule
#-keep public enum com.bumptech.glide.load.ImageHeaderParser$** {
#  **[] $VALUES;
#  public *;
#}

# RxPermissions
-keep class com.tbruyelle.rxpermissions2.** { *; }
-keep interface com.tbruyelle.rxpermissions2.** { *; }

#tencent X5
-keep class com.tencent.smtt.export.external.**{
    *;
}

-keep class com.tencent.tbs.video.interfaces.IUserStateChangedListener {
	*;
}

-keep class com.tencent.smtt.sdk.CacheManager {
	public *;
}

-keep class com.tencent.smtt.sdk.CookieManager {
	public *;
}

-keep class com.tencent.smtt.sdk.WebHistoryItem {
	public *;
}

-keep class com.tencent.smtt.sdk.WebViewDatabase {
	public *;
}

-keep class com.tencent.smtt.sdk.WebBackForwardList {
	public *;
}

-keep public class com.tencent.smtt.sdk.WebView {
	public <fields>;
	public <methods>;
}

-keep public class com.tencent.smtt.sdk.WebView$HitTestResult {
	public static final <fields>;
	public java.lang.String getExtra();
	public int getType();
}

-keep public class com.tencent.smtt.sdk.WebView$WebViewTransport {
	public <methods>;
}

-keep public class com.tencent.smtt.sdk.WebView$PictureListener {
	public <fields>;
	public <methods>;
}


-keepattributes InnerClasses

-keep public enum com.tencent.smtt.sdk.WebSettings$** {
    *;
}

-keep public enum com.tencent.smtt.sdk.QbSdk$** {
    *;
}

-keep public class com.tencent.smtt.sdk.WebSettings {
    public *;
}


-keepattributes Signature
-keep public class com.tencent.smtt.sdk.ValueCallback {
	public <fields>;
	public <methods>;
}

-keep public class com.tencent.smtt.sdk.WebViewClient {
	public <fields>;
	public <methods>;
}

-keep public class com.tencent.smtt.sdk.DownloadListener {
	public <fields>;
	public <methods>;
}

-keep public class com.tencent.smtt.sdk.WebChromeClient {
	public <fields>;
	public <methods>;
}

-keep public class com.tencent.smtt.sdk.WebChromeClient$FileChooserParams {
	public <fields>;
	public <methods>;
}

-keep class com.tencent.smtt.sdk.SystemWebChromeClient{
	public *;
}
# 1. extension interfaces should be apparent
-keep public class com.tencent.smtt.export.external.extension.interfaces.* {
	public protected *;
}

# 2. interfaces should be apparent
-keep public class com.tencent.smtt.export.external.interfaces.* {
	public protected *;
}

-keep public class com.tencent.smtt.sdk.WebViewCallbackClient {
	public protected *;
}

-keep public class com.tencent.smtt.sdk.WebStorage$QuotaUpdater {
	public <fields>;
	public <methods>;
}

-keep public class com.tencent.smtt.sdk.WebIconDatabase {
	public <fields>;
	public <methods>;
}

-keep public class com.tencent.smtt.sdk.WebStorage {
	public <fields>;
	public <methods>;
}

-keep public class com.tencent.smtt.sdk.DownloadListener {
	public <fields>;
	public <methods>;
}

-keep public class com.tencent.smtt.sdk.QbSdk {
	public <fields>;
	public <methods>;
}

-keep public class com.tencent.smtt.sdk.QbSdk$PreInitCallback {
	public <fields>;
	public <methods>;
}
-keep public class com.tencent.smtt.sdk.CookieSyncManager {
	public <fields>;
	public <methods>;
}

-keep public class com.tencent.smtt.sdk.Tbs* {
	public <fields>;
	public <methods>;
}

-keep public class com.tencent.smtt.utils.LogFileUtils {
	public <fields>;
	public <methods>;
}

-keep public class com.tencent.smtt.utils.TbsLog {
	public <fields>;
	public <methods>;
}

-keep public class com.tencent.smtt.utils.TbsLogClient {
	public <fields>;
	public <methods>;
}

-keep public class com.tencent.smtt.sdk.CookieSyncManager {
	public <fields>;
	public <methods>;
}

# Added for game demos
-keep public class com.tencent.smtt.sdk.TBSGamePlayer {
	public <fields>;
	public <methods>;
}

-keep public class com.tencent.smtt.sdk.TBSGamePlayerClient* {
	public <fields>;
	public <methods>;
}

-keep public class com.tencent.smtt.sdk.TBSGamePlayerClientExtension {
	public <fields>;
	public <methods>;
}

-keep public class com.tencent.smtt.sdk.TBSGamePlayerService* {
	public <fields>;
	public <methods>;
}

-keep public class com.tencent.smtt.utils.Apn {
	public <fields>;
	public <methods>;
}
-keep class com.tencent.smtt.** {
	*;
}
# end


-keep public class com.tencent.smtt.export.external.extension.proxy.ProxyWebViewClientExtension {
	public <fields>;
	public <methods>;
}

-keep class MTT.ThirdAppInfoNew {
	*;
}

-keep class com.tencent.mtt.MttTraceEvent {
	*;
}

# Game related
-keep public class com.tencent.smtt.gamesdk.* {
	public protected *;
}

-keep public class com.tencent.smtt.sdk.TBSGameBooter {
        public <fields>;
        public <methods>;
}

-keep public class com.tencent.smtt.sdk.TBSGameBaseActivity {
	public protected *;
}

-keep public class com.tencent.smtt.sdk.TBSGameBaseActivityProxy {
	public protected *;
}

-keep public class com.tencent.smtt.gamesdk.internal.TBSGameServiceClient {
	public *;
}