app/proguard/mapping.txt
# compiler: R8
# compiler_version: 1.5.64
# min_api: 19
# pg_map_id: dfeadaf
com.Blinger.YiDeNews.App -> com.Blinger.YiDeNews.App:
    com.Blinger.YiDeNews.dao.DaoSession mSession -> c
    android.content.Context mContext -> d
    android.content.Context getContent() -> c
com.Blinger.YiDeNews.App$1 -> com.Blinger.YiDeNews.App$a:
    com.scwang.smartrefresh.layout.api.RefreshHeader createRefreshHeader(android.content.Context,com.scwang.smartrefresh.layout.api.RefreshLayout) -> a
com.Blinger.YiDeNews.App$2 -> com.Blinger.YiDeNews.App$b:
    com.scwang.smartrefresh.layout.api.RefreshFooter createRefreshFooter(android.content.Context,com.scwang.smartrefresh.layout.api.RefreshLayout) -> a
com.Blinger.YiDeNews.dao.DaoMaster -> com.Blinger.YiDeNews.dao.a:
    void createAllTables(org.greenrobot.greendao.database.Database,boolean) -> a
    void dropAllTables(org.greenrobot.greendao.database.Database,boolean) -> b
com.Blinger.YiDeNews.dao.DaoMaster$DevOpenHelper -> com.Blinger.YiDeNews.dao.a$a:
com.Blinger.YiDeNews.dao.DaoMaster$OpenHelper -> com.Blinger.YiDeNews.dao.a$b:
com.Blinger.YiDeNews.dao.DaoSession -> com.Blinger.YiDeNews.dao.b:
    com.Blinger.YiDeNews.dao.NewBeanDao newBeanDao -> f
    com.Blinger.YiDeNews.dao.NewTypeBeanDao newTypeBeanDao -> g
    com.Blinger.YiDeNews.dao.HistoryBeanDao historyBeanDao -> e
    org.greenrobot.greendao.internal.DaoConfig newBeanDaoConfig -> b
    org.greenrobot.greendao.internal.DaoConfig newTypeBeanDaoConfig -> c
    org.greenrobot.greendao.internal.DaoConfig recentNewsBeanDaoConfig -> d
    com.Blinger.YiDeNews.dao.RecentNewsBeanDao recentNewsBeanDao -> h
    org.greenrobot.greendao.internal.DaoConfig historyBeanDaoConfig -> a
    void clear() -> a
    com.Blinger.YiDeNews.dao.HistoryBeanDao getHistoryBeanDao() -> b
    com.Blinger.YiDeNews.dao.NewBeanDao getNewBeanDao() -> c
    com.Blinger.YiDeNews.dao.NewTypeBeanDao getNewTypeBeanDao() -> d
    com.Blinger.YiDeNews.dao.RecentNewsBeanDao getRecentNewsBeanDao() -> e
com.Blinger.YiDeNews.dao.HistoryBeanDao -> com.Blinger.YiDeNews.dao.HistoryBeanDao:
    void bindValues(android.database.sqlite.SQLiteStatement,com.Blinger.YiDeNews.model.HistoryBean) -> a
    void bindValues(org.greenrobot.greendao.database.DatabaseStatement,com.Blinger.YiDeNews.model.HistoryBean) -> a
    void createTable(org.greenrobot.greendao.database.Database,boolean) -> a
    java.lang.Long getKey(com.Blinger.YiDeNews.model.HistoryBean) -> a
    void readEntity(android.database.Cursor,com.Blinger.YiDeNews.model.HistoryBean,int) -> a
    java.lang.Long updateKeyAfterInsert(com.Blinger.YiDeNews.model.HistoryBean,long) -> a
    void dropTable(org.greenrobot.greendao.database.Database,boolean) -> b
    boolean hasKey(com.Blinger.YiDeNews.model.HistoryBean) -> b
com.Blinger.YiDeNews.dao.NewBeanDao -> com.Blinger.YiDeNews.dao.NewBeanDao:
    void bindValues(android.database.sqlite.SQLiteStatement,com.Blinger.YiDeNews.model.NewBean) -> a
    void bindValues(org.greenrobot.greendao.database.DatabaseStatement,com.Blinger.YiDeNews.model.NewBean) -> a
    void createTable(org.greenrobot.greendao.database.Database,boolean) -> a
    java.lang.String getKey(com.Blinger.YiDeNews.model.NewBean) -> a
    void readEntity(android.database.Cursor,com.Blinger.YiDeNews.model.NewBean,int) -> a
    java.lang.String updateKeyAfterInsert(com.Blinger.YiDeNews.model.NewBean,long) -> a
    void dropTable(org.greenrobot.greendao.database.Database,boolean) -> b
    boolean hasKey(com.Blinger.YiDeNews.model.NewBean) -> b
...
io.reactivex.internal.functions.Functions$Array2Func -> io.reactivex.internal.functions.Functions$b:
    io.reactivex.functions.BiFunction f -> a
    java.lang.Object apply(java.lang.Object[]) -> a
io.reactivex.internal.functions.Functions$Array3Func -> io.reactivex.internal.functions.Functions$c:
    io.reactivex.functions.Function3 f -> a
    java.lang.Object apply(java.lang.Object[]) -> a
io.reactivex.internal.functions.Functions$Array4Func -> io.reactivex.internal.functions.Functions$d:
    io.reactivex.functions.Function4 f -> a
    java.lang.Object apply(java.lang.Object[]) -> a
io.reactivex.internal.functions.Functions$Array5Func -> io.reactivex.internal.functions.Functions$e:
    io.reactivex.functions.Function5 f -> a
    java.lang.Object apply(java.lang.Object[]) -> a
io.reactivex.internal.functions.Functions$Array6Func -> io.reactivex.internal.functions.Functions$f:
    io.reactivex.functions.Function6 f -> a
    java.lang.Object apply(java.lang.Object[]) -> a
io.reactivex.internal.functions.Functions$Array7Func -> io.reactivex.internal.functions.Functions$g:
    io.reactivex.functions.Function7 f -> a
    java.lang.Object apply(java.lang.Object[]) -> a
io.reactivex.internal.functions.Functions$Array8Func -> io.reactivex.internal.functions.Functions$h:
    io.reactivex.functions.Function8 f -> a
    java.lang.Object apply(java.lang.Object[]) -> a
io.reactivex.internal.functions.Functions$Array9Func -> io.reactivex.internal.functions.Functions$i:
    io.reactivex.functions.Function9 f -> a
    java.lang.Object apply(java.lang.Object[]) -> a
io.reactivex.internal.functions.Functions$ArrayListCapacityCallable -> io.reactivex.internal.functions.Functions$j:
    int capacity -> a
io.reactivex.internal.functions.Functions$BooleanSupplierPredicateReverse -> io.reactivex.internal.functions.Functions$k:
    io.reactivex.functions.BooleanSupplier supplier -> a
io.reactivex.internal.functions.Functions$CastToClass -> io.reactivex.internal.functions.Functions$l:
    java.lang.Class clazz -> a
io.reactivex.internal.functions.Functions$ClassFilter -> io.reactivex.internal.functions.Functions$m:
    java.lang.Class clazz -> a
io.reactivex.internal.functions.Functions$EmptyAction -> io.reactivex.internal.functions.Functions$n:
io.reactivex.internal.functions.Functions$EmptyConsumer -> io.reactivex.internal.functions.Functions$o:
io.reactivex.internal.functions.Functions$EmptyLongConsumer -> io.reactivex.internal.functions.Functions$p:
io.reactivex.internal.functions.Functions$EmptyRunnable -> io.reactivex.internal.functions.Functions$q:
io.reactivex.internal.functions.Functions$EqualsPredicate -> io.reactivex.internal.functions.Functions$r:
    java.lang.Object value -> a
io.reactivex.internal.functions.Functions$ErrorConsumer -> io.reactivex.internal.functions.Functions$s:
    void accept(java.lang.Throwable) -> a
io.reactivex.internal.functions.Functions$FalsePredicate -> io.reactivex.internal.functions.Functions$t:
io.reactivex.internal.functions.Functions$HashSetCallable -> io.reactivex.internal.functions.Functions$HashSetCallable:
    io.reactivex.internal.functions.Functions$HashSetCallable[] $VALUES -> a
io.reactivex.internal.functions.Functions$Identity -> io.reactivex.internal.functions.Functions$u:
io.reactivex.internal.functions.Functions$JustValue -> io.reactivex.internal.functions.Functions$v:
    java.lang.Object value -> a
io.reactivex.internal.functions.Functions$ListSorter -> io.reactivex.internal.functions.Functions$w:
    java.util.Comparator comparator -> a
    java.util.List apply(java.util.List) -> a
io.reactivex.internal.functions.Functions$MaxRequestSubscription -> io.reactivex.internal.functions.Functions$x:
    void accept(org.reactivestreams.Subscription) -> a
io.reactivex.internal.functions.Functions$NaturalComparator -> io.reactivex.internal.functions.Functions$NaturalComparator:
    io.reactivex.internal.functions.Functions$NaturalComparator[] $VALUES -> a