app/proguard/unused.txt
com.Blinger.YiDeNews.R$style
com.Blinger.YiDeNews.R$anim
com.Blinger.YiDeNews.dao.RecentNewsBeanDao
    public void <init>(org.greenrobot.greendao.internal.DaoConfig)
com.Blinger.YiDeNews.R$attr
com.Blinger.YiDeNews.R$bool
com.Blinger.YiDeNews.R$animator
com.Blinger.YiDeNews.dao.HistoryBeanDao
    public void <init>(org.greenrobot.greendao.internal.DaoConfig)
com.Blinger.YiDeNews.R$integer
com.Blinger.YiDeNews.R$mipmap
com.Blinger.YiDeNews.R$drawable
com.Blinger.YiDeNews.R$dimen
com.Blinger.YiDeNews.R
com.Blinger.YiDeNews.dao.NewBeanDao
    public void <init>(org.greenrobot.greendao.internal.DaoConfig)
com.Blinger.YiDeNews.R$id
com.Blinger.YiDeNews.R$layout
com.Blinger.YiDeNews.dao.DaoMaster
    public static com.Blinger.YiDeNews.dao.DaoSession newDevSession(android.content.Context,java.lang.String)
    public static final int SCHEMA_VERSION
com.Blinger.YiDeNews.dao.NewTypeBeanDao
    public void <init>(org.greenrobot.greendao.internal.DaoConfig)
com.Blinger.YiDeNews.dao.DaoMaster$DevOpenHelper
    public void <init>(android.content.Context,java.lang.String)
com.Blinger.YiDeNews.config.Config
com.Blinger.YiDeNews.config.Constant
com.Blinger.YiDeNews.BuildConfig
com.Blinger.YiDeNews.dao.DaoMaster$OpenHelper
    public void <init>(android.content.Context,java.lang.String)
com.Blinger.YiDeNews.R$styleable
com.Blinger.YiDeNews.R$color
com.Blinger.YiDeNews.R$menu
com.Blinger.YiDeNews.R$xml
com.Blinger.YiDeNews.R$string
com.Blinger.YiDeNews.dao.NewTypeBeanDao$Properties
    public static final org.greenrobot.greendao.Property Id
    public static final org.greenrobot.greendao.Property Title
    public static final org.greenrobot.greendao.Property Descript
com.Blinger.YiDeNews.dao.RecentNewsBeanDao$Properties
    public static final org.greenrobot.greendao.Property Id
    public static final org.greenrobot.greendao.Property Uniquekey
    public static final org.greenrobot.greendao.Property Title
    public static final org.greenrobot.greendao.Property Date
    public static final org.greenrobot.greendao.Property AuthorName
    public static final org.greenrobot.greendao.Property Url
    public static final org.greenrobot.greendao.Property ThumbnailPicS
    public static final org.greenrobot.greendao.Property ThumbnailPicS02
    public static final org.greenrobot.greendao.Property ThumbnailPicS03
com.Blinger.YiDeNews.dao.NewBeanDao$Properties
    public static final org.greenrobot.greendao.Property Uniquekey
    public static final org.greenrobot.greendao.Property Title
    public static final org.greenrobot.greendao.Property Date
    public static final org.greenrobot.greendao.Property Category
    public static final org.greenrobot.greendao.Property AuthorName
    public static final org.greenrobot.greendao.Property Url
    public static final org.greenrobot.greendao.Property ThumbnailPicS
    public static final org.greenrobot.greendao.Property ThumbnailPicS02
    public static final org.greenrobot.greendao.Property ThumbnailPicS03
com.Blinger.YiDeNews.presenter.NewPresenter
    static void <clinit>()
com.Blinger.YiDeNews.dao.HistoryBeanDao$Properties
    public static final org.greenrobot.greendao.Property Id
    public static final org.greenrobot.greendao.Property Uniquekey
    public static final org.greenrobot.greendao.Property Title
    public static final org.greenrobot.greendao.Property Date
    public static final org.greenrobot.greendao.Property Category
    public static final org.greenrobot.greendao.Property AuthorName
    public static final org.greenrobot.greendao.Property Url
    public static final org.greenrobot.greendao.Property ThumbnailPicS
    public static final org.greenrobot.greendao.Property ThumbnailPicS02
    public static final org.greenrobot.greendao.Property ThumbnailPicS03
...
okhttp3.MultipartBody$Part
    public static okhttp3.MultipartBody$Part create(okhttp3.RequestBody)
    public static okhttp3.MultipartBody$Part createFormData(java.lang.String,java.lang.String)
    public okhttp3.Headers headers()
    public okhttp3.RequestBody body()
io.reactivex.internal.operators.flowable.FlowableDelaySubscriptionOther
io.reactivex.internal.operators.flowable.FlowableGroupBy
io.reactivex.internal.operators.parallel.ParallelFromPublisher$ParallelDispatcher
io.reactivex.internal.operators.flowable.FlowableIgnoreElements$IgnoreElementsSubscriber
io.reactivex.internal.operators.flowable.FlowableInternalHelper
io.reactivex.internal.operators.parallel.ParallelFilter$ParallelFilterConditionalSubscriber
com.scwang.smartrefresh.layout.internal.pathview.PathParser$PathDataNode
    void <init>(com.scwang.smartrefresh.layout.internal.pathview.PathParser$PathDataNode)
    public void interpolatePathDataNode(com.scwang.smartrefresh.layout.internal.pathview.PathParser$PathDataNode,com.scwang.smartrefresh.layout.internal.pathview.PathParser$PathDataNode,float)
io.reactivex.FlowableOnSubscribe
com.trello.navi2.BuildConfig
okhttp3.internal.Version
    private void <init>()
io.reactivex.internal.util.HalfSerializer
    private void <init>()
io.reactivex.internal.operators.mixed.FlowableConcatMapCompletable$ConcatMapCompletableObserver
com.scwang.smartrefresh.layout.listener.SimpleMultiPurposeListener
okhttp3.WebSocket
io.reactivex.MaybeTransformer
    public abstract io.reactivex.MaybeSource apply(io.reactivex.Maybe)
io.reactivex.internal.operators.maybe.MaybeUnsafeCreate
android.arch.lifecycle.ViewModelStoreOwner
    public abstract android.arch.lifecycle.ViewModelStore getViewModelStore()
io.reactivex.internal.operators.single.SingleAmb
okhttp3.internal.tls.OkHostnameVerifier
    private static final int ALT_DNS_NAME
    private static final int ALT_IPA_NAME
io.reactivex.schedulers.TestScheduler$TimedRunnable
okhttp3.internal.http2.Hpack$Reader
    int maxDynamicTableByteCount()
io.reactivex.internal.operators.maybe.MaybePeek
io.reactivex.internal.operators.flowable.BlockingFlowableNext
io.reactivex.internal.util.ObservableQueueDrain
    public abstract boolean enter()
com.google.gson.JsonStreamParser
io.reactivex.internal.operators.observable.ObservableGenerate$GeneratorDisposable
    public void onNext(java.lang.Object)
    public void onComplete()
android.arch.lifecycle.ViewModelProvider$NewInstanceFactory
io.reactivex.internal.operators.flowable.FlowableJust
io.reactivex.internal.operators.mixed.CompletableAndThenObservable$AndThenObservableObserver
io.reactivex.internal.operators.flowable.BlockingFlowableNext$NextSubscriber
io.reactivex.internal.operators.single.SingleSubscribeOn$SubscribeOnObserver
io.reactivex.internal.operators.flowable.FlowableDebounce
io.reactivex.internal.operators.maybe.MaybeTimeoutPublisher$TimeoutFallbackMaybeObserver
com.Blinger.base.R
io.reactivex.internal.operators.flowable.FlowableCreate
io.reactivex.internal.operators.maybe.MaybeIgnoreElement$IgnoreMaybeObserver
io.reactivex.internal.operators.maybe.MaybeContains$ContainsMaybeObserver
io.reactivex.internal.operators.maybe.MaybeFlatMapCompletable$FlatMapCompletableObserver
io.reactivex.internal.operators.flowable.FlowableTimeInterval$TimeIntervalSubscriber
io.reactivex.internal.operators.observable.ObservablePublish
    public io.reactivex.ObservableSource source()
io.reactivex.subjects.ReplaySubject$TimedNode
io.reactivex.internal.operators.mixed.SingleFlatMapObservable
io.reactivex.internal.operators.parallel.ParallelReduce
io.reactivex.internal.operators.flowable.FlowableGroupJoin$JoinSupport
okhttp3.internal.http2.Http2Writer
    public synchronized void synReply(boolean,int,java.util.List)
    public synchronized void headers(int,java.util.List)
io.reactivex.internal.operators.flowable.FlowableTimeout$TimeoutFallbackSubscriber
butterknife.internal.FieldCollectionViewBinding